  game1.cpp
I:\Project\C++\day01\day01\game1.cpp(4,2): error C2065: “cout”: 未声明的标识符
I:\Project\C++\day01\day01\game1.cpp(4,31): error C2065: “endl”: 未声明的标识符
